
> komu-frontend@0.1.0 build
> vite build

vite v4.5.14 building for production...
transforming...
✓ 13321 modules transformed.
rendering chunks...
computing gzip size...
build/index.html                             0.97 kB │ gzip:   0.49 kB
build/assets/sound-1c9e2f60.mp3             52.24 kB
build/assets/wa-background-077376dd.png    698.65 kB
build/assets/index-f39c9b15.css             15.47 kB │ gzip:   3.23 kB
build/assets/howler-e5f4bfba.js             36.94 kB │ gzip:  10.11 kB │ map:   155.96 kB
build/assets/index-192cb4d2.js             170.56 kB │ gzip:  58.52 kB │ map:   849.41 kB
build/assets/mui-6df11995.js               522.33 kB │ gzip: 162.16 kB │ map: 2,266.91 kB
build/assets/index-4e58c747.js           1,552.81 kB │ gzip: 380.63 kB │ map: 4,403.06 kB

(!) Some chunks are larger than 500 kBs after minification. Consider:
- Using dynamic import() to code-split the application
- Use build.rollupOptions.output.manualChunks to improve chunking: https://rollupjs.org/configuration-options/#output-manualchunks
- Adjust chunk size limit for this warning via build.chunkSizeWarningLimit.
✓ built in 28.10s
